[INFO] Scanning for projects...
[INFO] 
[INFO] --------------------< com.example:referral-system >---------------------
[INFO] Building referral-system 0.0.1-SNAPSHOT
[INFO]   from pom.xml
[INFO] --------------------------------[ jar ]---------------------------------
[INFO] 
[INFO] >>> spring-boot:3.4.3:run (default-cli) > test-compile @ referral-system >>>
[INFO] 
[INFO] --- resources:3.3.1:resources (default-resources) @ referral-system ---
[INFO] Copying 1 resource from src\main\resources to target\classes
[INFO] Copying 0 resource from src\main\resources to target\classes
[INFO] 
[INFO] --- compiler:3.13.0:compile (default-compile) @ referral-system ---
[INFO] Recompiling the module because of added or removed source files.
[INFO] Compiling 27 source files with javac [debug parameters release 17] to target\classes
[INFO] Annotation processing is enabled because one or more processors were found
  on the class path. A future release of javac may disable annotation processing
  unless at least one processor is specified by name (-processor), or a search
  path is specified (--processor-path, --processor-module-path), or annotation
  processing is enabled explicitly (-proc:only, -proc:full).
  Use -Xlint:-options to suppress this message.
  Use -proc:none to disable annotation processing.
[INFO] 
[INFO] --- resources:3.3.1:testResources (default-testResources) @ referral-system ---
[INFO] skip non existing resourceDirectory D:\Referral_task\backend\src\test\resources
[INFO] 
[INFO] --- compiler:3.13.0:testCompile (default-testCompile) @ referral-system ---
[INFO] No sources to compile
[INFO] 
[INFO] <<< spring-boot:3.4.3:run (default-cli) < test-compile @ referral-system <<<
[INFO] 
[INFO] 
[INFO] --- spring-boot:3.4.3:run (default-cli) @ referral-system ---
[INFO] Attaching agents: []
--- Environment Initialization ---
Set system property: TEMP = C:\Users\dines\AppData\Local\Temp
Set system property: MAVEN_HOME = C:\Program Files\apache-maven-3.9.12
Set system property: PATHEXT = .COM;.EXE;.BAT;.CMD;.VBS;.VBE;.JS;.JSE;.WSF;.WSH;.MSC;.CPL
Set system property: Path = C:\Program Files\Common Files\Oracle\Java\javapath;C:\WINDOWS\system32;C:\WINDOWS;C:\WINDOWS\System32\Wbem;C:\WINDOWS\System32\WindowsPowerShell\v1.0\;C:\WINDOWS\System32\OpenSSH\;C:\Program Files\nodejs\;C:\Program Files\Java\jdk-17\bin;C:\Program Files\apache-maven-3.9.12\bin;C:\Program Files\Java\jdk-21.0.10\bin;C:\Program Files\dotnet\;C:\Program Files\Git\cmd;C:\Users\dines\AppData\Local\Programs\Python\Launcher\;C:\Users\dines\AppData\Local\Microsoft\WindowsApps;C:\Users\dines\AppData\Local\Programs\Microsoft VS Code\bin;C:\Users\dines\AppData\Roaming\npm;C:\Users\dines\AppData\Local\Programs\Python\Python313;C:\Users\dines\AppData\Local\Programs\Python\Python313\Scripts;C:\Program Files\JetBrains\PyCharm 2025.2.1.1\bin;C:\Users\dines\AppData\Local\Programs\Antigravity\bin;C:\Program Files\Java\jdk-17\bin;C:\Program Files\JetBrains\IntelliJ IDEA Community Edition 2025.2.6.1\bin;C:\Program Files\apache-maven-3.9.12\bin;C:\Program Files\Java\jdk-21.0.10\bin;c:\Users\dines\.antigravity\extensions\vscjava.vscode-java-debug-0.58.5-universal\bundled\scripts\noConfigScripts
Set system property: JWT_SECRET = 9a4f2c8d3b7e1f6g5h4i3j2k1l0m9n8o7p6q5r4s3t2u1v0wxy
Set system property: MAVEN_CMD_LINE_ARGS = spring-boot:run
Set system property: ProgramFiles(x86) = C:\Program Files (x86)
Set system property: INTERNAL_MAVEN_OPTS = --enable-native-access=ALL-UNNAMED 
Set system property: LANG = en_US.UTF-8
Set system property: PROCESSOR_LEVEL = 23
Set system property: LOCALAPPDATA = C:\Users\dines\AppData\Local
Set system property: VSCODE_GIT_ASKPASS_MAIN = ***
Set system property: EFC_4360_1262719628 = 1
Set system property: TERM_PROGRAM_VERSION = 1.107.0
Set system property: PROCESSOR_ARCHITECTURE = AMD64
Set system property: HOMEPATH = \Users\dines
Set system property: jvmConfig = \.mvn\jvm.config
Set system property: VSCODE_GIT_ASKPASS_EXTRA_ARGS = ***
Set system property: CommonProgramW6432 = C:\Program Files\Common Files
Set system property: USERPROFILE = C:\Users\dines
Set system property: ProgramData = C:\ProgramData
Set system property: ALLUSERSPROFILE = C:\ProgramData
Set system property: GIT_ASKPASS = ***
Set system property: JAVACMD = C:\Program Files\Common Files\Oracle\Java\javapath\java.exe
Set system property: USERDOMAIN_ROAMINGPROFILE = DINESH
Set system property: ComSpec = C:\WINDOWS\system32\cmd.exe
Set system property: CommonProgramFiles(x86) = C:\Program Files (x86)\Common Files
Set system property: HOMEDRIVE = C:
Set system property: PAGER = cat
Set system property: DB_USER = root
Set system property: PROCESSOR_REVISION = 1801
Set system property: =ExitCode = 00000000
Set system property: VSCODE_INJECTION = 1
Set system property: FPS_BROWSER_USER_PROFILE_STRING = Default
Set system property: ProgramW6432 = C:\Program Files
Set system property: EXEC_DIR = D:\Referral_task\backend
Set system property: CHROME_CRASHPAD_PIPE_NAME = \\.\pipe\crashpad_2580_OTHZVUYOIFKCGMRN
Set system property: CLASSWORLDS_JAR = "C:\Program Files\apache-maven-3.9.12\boot\plexus-classworlds-2.9.0.jar"
Set system property: LOGONSERVER = \\DINESH
Set system property: VSCODE_GIT_IPC_HANDLE = \\.\pipe\vscode-git-12722c93de-sock
Set system property: =D: = D:\Referral_task\backend
Set system property: PSModulePath = C:\Users\dines\OneDrive\Documents\WindowsPowerShell\Modules;C:\Program Files\WindowsPowerShell\Modules;C:\WINDOWS\system32\WindowsPowerShell\v1.0\Modules
Set system property: CommonProgramFiles = C:\Program Files\Common Files
Set system property: EFC_4360_2283032206 = 1
Set system property: SystemRoot = C:\WINDOWS
Set system property: ProgramFiles = C:\Program Files
Set system property: PROMPT = $P$G
Set system property: SESSIONNAME = Console
Set system property: OneDrive = C:\Users\dines\OneDrive
Set system property: APPDATA = C:\Users\dines\AppData\Roaming
Set system property: VSCODE_JAVA_EXEC = C:\Program Files\Java\jdk-17\bin\java
Set system property: IntelliJ IDEA Community Edition = C:\Program Files\JetBrains\IntelliJ IDEA Community Edition 2025.2.6.1\bin
Set system property: ERROR_CODE = 0
Set system property: DB_HOST = localhost
Set system property: ANTIGRAVITY_CLI_ALIAS = agy
Set system property: DB_PORT = 3306
Set system property: EFC_4360_3789132940 = 1
Set system property: USERNAME = dines
Set system property: FPS_BROWSER_APP_PROFILE_STRING = Internet Explorer
Set system property: TMP = C:\Users\dines\AppData\Local\Temp
Set system property: ANTIGRAVITY_AGENT = 1
Set system property: COMPUTERNAME = DINESH
Set system property: PyCharm = C:\Program Files\JetBrains\PyCharm 2025.2.1.1\bin
Set system property: EFC_4360_1592913036 = 1
Set system property: CLASSWORLDS_LAUNCHER = org.codehaus.plexus.classworlds.launcher.Launcher
Set system property: NUMBER_OF_PROCESSORS = 8
Set system property: TERM_PROGRAM = vscode
Set system property: COLORTERM = truecolor
Set system property: VSCODE_GIT_ASKPASS_NODE = ***
Set system property: OS = Windows_NT
Set system property: VSCODE_PYTHON_AUTOACTIVATE_GUARD = 1
Set system property: USERDOMAIN = DINESH
Set system property: MAVEN_PROJECTBASEDIR = D:\Referral_task\backend
Set system property: SystemDrive = C:
Set system property: DriverData = C:\Windows\System32\Drivers\DriverData
Set system property: PROCESSOR_IDENTIFIER = AMD64 Family 23 Model 24 Stepping 1, AuthenticAMD
Set system property: VSCODE_JDWP_ADAPTER_ENDPOINTS = c:\Users\dines\.antigravity\extensions\vscjava.vscode-java-debug-0.58.5-universal\.noConfigDebugAdapterEndpoints\endpoint-2defaaa1ce7ad2e0.txt
Set system property: DB_PASSWORD = ***
Set system property: EFC_4360_2775293581 = 1
Set system property: windir = C:\WINDOWS
Set system property: PUBLIC = C:\Users\Public
Set system property: DB_NAME = referral_db
Set system property: WDIR = D:\
Connecting as User: root
Target Database URL: jdbc:mysql://localhost:3306/referral_db
------------------------------------

  .   ____          _            __ _ _
 /\\ / ___'_ __ _ _(_)_ __  __ _ \ \ \ \
( ( )\___ | '_ | '_| | '_ \/ _` | \ \ \ \
 \\/  ___)| |_)| | | | | || (_| |  ) ) ) )
  '  |____| .__|_| |_|_| |_\__, | / / / /
 =========|_|==============|___/=/_/_/_/

 :: Spring Boot ::                (v3.4.3)

2026-03-19T20:23:38.245+05:30  INFO 7188 --- [           main] c.example.referral.ReferralApplication   : Starting ReferralApplication using Java 21.0.10 with PID 7188 (D:\Referral_task\backend\target\classes started by dines in D:\Referral_task\backend)
2026-03-19T20:23:38.252+05:30  INFO 7188 --- [           main] c.example.referral.ReferralApplication   : No active profile set, falling back to 1 default profile: "default"
2026-03-19T20:23:39.684+05:30  INFO 7188 --- [           main] .s.d.r.c.RepositoryConfigurationDelegate : Bootstrapping Spring Data JPA repositories in DEFAULT mode.
2026-03-19T20:23:39.865+05:30  INFO 7188 --- [           main] .s.d.r.c.RepositoryConfigurationDelegate : Finished Spring Data repository scanning in 161 ms. Found 3 JPA repository interfaces.
2026-03-19T20:23:41.047+05:30  INFO 7188 --- [           main] o.s.b.w.embedded.tomcat.TomcatWebServer  : Tomcat initialized with port 8080 (http)
2026-03-19T20:23:41.075+05:30  INFO 7188 --- [           main] o.apache.catalina.core.StandardService   : Starting service [Tomcat]
2026-03-19T20:23:41.075+05:30  INFO 7188 --- [           main] o.apache.catalina.core.StandardEngine    : Starting Servlet engine: [Apache Tomcat/10.1.36]
2026-03-19T20:23:41.185+05:30  INFO 7188 --- [           main] o.a.c.c.C.[Tomcat].[localhost].[/]       : Initializing Spring embedded WebApplicationContext
2026-03-19T20:23:41.188+05:30  INFO 7188 --- [           main] w.s.c.ServletWebServerApplicationContext : Root WebApplicationContext: initialization completed in 2823 ms
2026-03-19T20:23:41.516+05:30  INFO 7188 --- [           main] o.hibernate.jpa.internal.util.LogHelper  : HHH000204: Processing PersistenceUnitInfo [name: default]
2026-03-19T20:23:41.676+05:30  INFO 7188 --- [           main] org.hibernate.Version                    : HHH000412: Hibernate ORM core version 6.6.8.Final
2026-03-19T20:23:41.765+05:30  INFO 7188 --- [           main] o.h.c.internal.RegionFactoryInitiator    : HHH000026: Second-level cache disabled
2026-03-19T20:23:42.422+05:30  INFO 7188 --- [           main] o.s.o.j.p.SpringPersistenceUnitInfo      : No LoadTimeWeaver setup: ignoring JPA class transformer
2026-03-19T20:23:42.479+05:30  INFO 7188 --- [           main] com.zaxxer.hikari.HikariDataSource       : HikariPool-1 - Starting...
2026-03-19T20:23:42.807+05:30  INFO 7188 --- [           main] com.zaxxer.hikari.pool.HikariPool        : HikariPool-1 - Added connection com.mysql.cj.jdbc.ConnectionImpl@5ef2cbe6
2026-03-19T20:23:42.810+05:30  INFO 7188 --- [           main] com.zaxxer.hikari.HikariDataSource       : HikariPool-1 - Start completed.
2026-03-19T20:23:42.947+05:30  WARN 7188 --- [           main] org.hibernate.dialect.Dialect            : HHH000511: The 5.5.5 version for [org.hibernate.dialect.MySQLDialect] is no longer supported, hence certain features may not work properly. The minimum supported version is 8.0.0. Check the community dialects project for available legacy versions.
2026-03-19T20:23:42.995+05:30  INFO 7188 --- [           main] org.hibernate.orm.connections.pooling    : HHH10001005: Database info:
	Database JDBC URL [Connecting through datasource 'HikariDataSource (HikariPool-1)']
	Database driver: undefined/unknown
	Database version: 5.5.5
	Autocommit mode: undefined/unknown
	Isolation level: undefined/unknown
	Minimum pool size: undefined/unknown
	Maximum pool size: undefined/unknown
2026-03-19T20:23:44.974+05:30  INFO 7188 --- [           main] o.h.e.t.j.p.i.JtaPlatformInitiator       : HHH000489: No JTA platform available (set 'hibernate.transaction.jta.platform' to enable JTA platform integration)
Hibernate: create table referral_relationships (id bigint not null auto_increment, created_at datetime(6), placement_order integer not null, referred_id bigint not null, referrer_id bigint not null, primary key (id)) engine=InnoDB
Hibernate: create table tree_positions (id bigint not null auto_increment, created_at datetime(6), level integer not null, position_name varchar(255), parent_id bigint, user_id bigint not null, primary key (id)) engine=InnoDB
Hibernate: create table users (id bigint not null auto_increment, created_at datetime(6), password_hash varchar(255) not null, uid varchar(12) not null, username varchar(50) not null, primary key (id)) engine=InnoDB
Hibernate: alter table referral_relationships drop index UKqfphuroc02kfr1s2qhoh77gdf
Hibernate: alter table referral_relationships add constraint UKqfphuroc02kfr1s2qhoh77gdf unique (referred_id)
Hibernate: alter table tree_positions drop index UKt93jad323uu8l6j1kdhvynajl
Hibernate: alter table tree_positions add constraint UKt93jad323uu8l6j1kdhvynajl unique (user_id)
Hibernate: alter table users drop index UKefqukogbk7i0poucwoy2qie74
Hibernate: alter table users add constraint UKefqukogbk7i0poucwoy2qie74 unique (uid)
Hibernate: alter table users drop index UKr43af9ap4edm43mmtq01oddj6
Hibernate: alter table users add constraint UKr43af9ap4edm43mmtq01oddj6 unique (username)
Hibernate: alter table referral_relationships add constraint FKl6m9gep0e87tjsn8gft76oeca foreign key (referred_id) references users (id)
Hibernate: alter table referral_relationships add constraint FK4jpwp9dgrspxdiceladm3ixwc foreign key (referrer_id) references users (id)
Hibernate: alter table tree_positions add constraint FK12lpmn85lfd9lplk8v48b49aw foreign key (parent_id) references users (id)
Hibernate: alter table tree_positions add constraint FKaa7xusw9btd639nf6p5tyu4yu foreign key (user_id) references users (id)
2026-03-19T20:23:46.095+05:30  INFO 7188 --- [           main] j.LocalContainerEntityManagerFactoryBean : Initialized JPA EntityManagerFactory for persistence unit 'default'
2026-03-19T20:23:47.069+05:30  INFO 7188 --- [           main] r$InitializeUserDetailsManagerConfigurer : Global AuthenticationManager configured with UserDetailsService bean with name userDetailsServiceImpl
2026-03-19T20:23:47.130+05:30  WARN 7188 --- [           main] JpaBaseConfiguration$JpaWebConfiguration : spring.jpa.open-in-view is enabled by default. Therefore, database queries may be performed during view rendering. Explicitly configure spring.jpa.open-in-view to disable this warning
2026-03-19T20:23:48.169+05:30  INFO 7188 --- [           main] o.s.b.w.embedded.tomcat.TomcatWebServer  : Tomcat started on port 8080 (http) with context path '/'
2026-03-19T20:23:48.185+05:30  INFO 7188 --- [           main] c.example.referral.ReferralApplication   : Started ReferralApplication in 10.811 seconds (process running for 11.966)
